C51 COMPILER V9.00   DISPDRV                                                               11/09/2017 16:51:27 PAGE 1   


C51 COMPILER V9.00, COMPILATION OF MODULE DISPDRV
OBJECT MODULE PLACED IN .\Objects\DispDrv.obj
COMPILER INVOKED BY: G:\Keil_v5\C51\BIN\C51.EXE SRC\DispDrv.c OPTIMIZE(9,SPEED) BROWSE INCDIR(.\SRC) DEBUG OBJECTEXTEND 
                    -PRINT(.\Listings\DispDrv.lst) OBJECT(.\Objects\DispDrv.obj)

line level    source

   1          #include"display.H" 
   2          #include "ReadKey.h"
   3          
   4          unsigned char code Digit_Tab[]={DT_0,DT_1,DT_2,DT_3,DT_4,DT_5,DT_6,DT_7,DT_8,\
   5                                          DT_9,DT_A,DT_C,DT_d,DT_E,DT_F,DT_NO};// 显示段码值0~9
   6                                          
   7          unsigned char code Mode_Tab[]={0x00,A_SEG,F_SEG,E_SEG,D_SEG,B_SEG,H_SEG,C_SEG,G_SEG};                     
             -           
   8          //---------------------------------------------
   9          //-----------------------------------------------------------
  10          //显示2
  11          //显示
  12          bit Flg_DispOK;
  13          unsigned char   R_DBUF1,R_DBUF2,R_DBUF3,R_DBUF4,R_DBUF5;//,R_DBUF6=0;
  14          unsigned char   bdata  R_DBUFX;
  15          sbit    Flg_SegA=R_DBUFX^0;
  16          sbit    Flg_SegB=R_DBUFX^1;
  17          sbit    Flg_SegC=R_DBUFX^2;
  18          sbit    Flg_SegD=R_DBUFX^3;
  19          sbit    Flg_SegE=R_DBUFX^4;
  20          sbit    Flg_SegF=R_DBUFX^5;
  21          sbit    Flg_SegG=R_DBUFX^6;
  22          sbit    Flg_SegH=R_DBUFX^7;
  23          //SEG口
  24          #define SEG P1
  25          sbit    PIN_SEGA = P2^7;   //P1^5;   P1^2; 
  26          sbit    PIN_SEGB = P1^3;   //P1^0;   P1^7; 
  27          sbit    PIN_SEGC = P1^6;   //P1^1;   P1^6; 
  28          sbit    PIN_SEGD = P5^4;   //P1^2;   P1^5; 
  29          sbit    PIN_SEGE = P1^7;   //P1^3;   P1^4; 
  30          sbit    PIN_SEGF = P1^0;   //P1^4;   P1^3; 
  31          sbit    PIN_SEGG = P1^5;   //P1^6;   P1^1; 
  32          sbit    PIN_SEGDP = P5^5;  // P1^7;   P1^0;                                                                  
  33          //COM口
  34          sbit    PIN_COM1 = P2^6;
  35          sbit    PIN_COM2 = P1^1;
  36          sbit    PIN_COM3 = P1^2;
  37          sbit    PIN_COM4 = P1^4;
  38          sbit    PIN_COM5 = P2^2;
  39          
  40          sbit    PIN_COM6 = P2^1;
  41          /**********************************************************************************/
  42          //----按键扫描、按键检测、按键处理的定义-----------------------------------
  43          
  44          sbit Pin_KeyDown        = P2^7;
  45          sbit Pin_TimerSet       = P1^0;
  46          sbit Pin_KeyUp          = P1^3;
  47          sbit Pin_Key3           = P1^7;
  48          sbit Pin_Key4           = P5^4;
  49          
  50          
  51          //void Init_Disp()
  52          //{
  53          //      PinPP(0,0);
C51 COMPILER V9.00   DISPDRV                                                               11/09/2017 16:51:27 PAGE 2   

  54          //      PinPP(0,1);
  55          //      PinPP(0,2);
  56          //      PinPP(0,3);
  57          //      PinPP(0,4);
  58          //      PinPP(0,5);
  59          //      PinPP(0,6);
  60          //      PinPP(0,7);
  61          //      PinPP(1,0);
  62          //      PinPP(1,1);
  63          //      
  64          //}
  65          void DispDrv()
  66          {
  67   1              static u8 R_SegCnt,R_ComCnt;
  68   1      //      PIN_COM1=1;
  69   1      //      PIN_SEGA=0;
  70   1      //      PIN_SEGB=0;
  71   1      //      PIN_SEGC=0;
  72   1      //      PIN_SEGD=0;
  73   1      //      PIN_SEGE=0;
  74   1      //      PIN_SEGF=0;
  75   1      //      PIN_SEGG=0;
  76   1      //      PIN_SEGDP=0;
  77   1      
  78   1              P1M0&=0x00;//00000011B
  79   1              P1M1|=0xff;//00000011B
  80   1              P2M0&=~0xc4;//00000011B
  81   1              P2M1|=0xc4;//11000100B  
  82   1              P5M0&=~0x30;//00000011B
  83   1              P5M1|=0x30;//00110000B  
  84   1              PIN_COM1=1;
  85   1              PIN_COM2=1;
  86   1              PIN_COM3=1;
  87   1              PIN_COM4=1;     
  88   1              PIN_COM5=1;
  89   1              PIN_COM6=1;     
  90   1              PIN_SEGA=0;
  91   1              PIN_SEGB=0;
  92   1              PIN_SEGC=0;
  93   1              PIN_SEGD=0;     
  94   1              PIN_SEGE=0;
  95   1              PIN_SEGF=0;
  96   1              PIN_SEGG=0;
  97   1              PIN_SEGDP=0;
  98   1              if(Flg_DispOK==0)
  99   1                      {
 100   2                      return; 
 101   2                      }
 102   1      //      R_DBUFX=A_SEG|B_SEG|E_SEG;
 103   1              R_SegCnt++;
 104   1              if(R_SegCnt==8)
 105   1                      {
 106   2                      R_SegCnt=0;
 107   2                      R_ComCnt++;
 108   2                      if(R_ComCnt==6)
 109   2                              {
 110   3                              R_ComCnt=0;     
 111   3                              }       
 112   2                      }
 113   1              switch(R_ComCnt)
 114   1              {
 115   2                      case 0:                 
C51 COMPILER V9.00   DISPDRV                                                               11/09/2017 16:51:27 PAGE 3   

 116   2                              R_DBUFX=R_DBUF1;//Digit_Tab[R_data];                                    
 117   2                              break;
 118   2                      case 1:
 119   2                              R_DBUFX=R_DBUF2;                        
 120   2                              break;  
 121   2                      case 2:
 122   2                              R_DBUFX=R_DBUF3;                        
 123   2                              break;  
 124   2                      case 3:
 125   2                              R_DBUFX=R_DBUF4;                        
 126   2                              break;  
 127   2                      case 4:
 128   2                              R_DBUFX=R_DBUF5;                        
 129   2                              break;                                                  
 130   2                      default:
 131   2                              R_DBUFX=0;
 132   2                              break;                          
 133   2              }               
 134   1              switch(R_SegCnt)
 135   1              {
 136   2                      case 0:
 137   2                              if(Flg_SegA)
 138   2                                      {
 139   3                                      PIN_SEGA=1;
 140   3                                      }
 141   2                                      else
 142   2                                              {
 143   3                                              PIN_SEGA=0;     
 144   3                                              }
 145   2                                                                      
 146   2                              break;
 147   2                      case 1:
 148   2                              if(Flg_SegB)
 149   2                                      {
 150   3                                      PIN_SEGB=1;
 151   3                                      }
 152   2                                      else
 153   2                                              {
 154   3                                              PIN_SEGB=0;     
 155   3                                              }
 156   2                                                                      
 157   2                              break;
 158   2                      case 2:
 159   2                              if(Flg_SegC)
 160   2                                      {
 161   3                                      PIN_SEGC=1;
 162   3                                      }
 163   2                                      else
 164   2                                              {
 165   3                                              PIN_SEGC=0;     
 166   3                                              }
 167   2                                                                      
 168   2                              break;
 169   2                      case 3:
 170   2                              if(Flg_SegD)
 171   2                                      {
 172   3                                      PIN_SEGD=1;
 173   3                                      }
 174   2                                      else
 175   2                                              {
 176   3                                              PIN_SEGD=0;     
 177   3                                              }
C51 COMPILER V9.00   DISPDRV                                                               11/09/2017 16:51:27 PAGE 4   

 178   2                                                                      
 179   2                              break;  
 180   2                      case 4:
 181   2                              if(Flg_SegE)
 182   2                                      {
 183   3                                      PIN_SEGE=1;
 184   3                                      }
 185   2                                      else
 186   2                                              {
 187   3                                              PIN_SEGE=0;     
 188   3                                              }
 189   2                                                                      
 190   2                              break;
 191   2                      case 5:
 192   2                              if(Flg_SegF)
 193   2                                      {
 194   3                                      PIN_SEGF=1;
 195   3                                      }
 196   2                                      else
 197   2                                              {
 198   3                                              PIN_SEGF=0;     
 199   3                                              }
 200   2                                                                      
 201   2                              break;
 202   2                      case 6:
 203   2                              if(Flg_SegG)
 204   2                                      {
 205   3                                      PIN_SEGG=1;
 206   3                                      }
 207   2                                      else
 208   2                                              {
 209   3                                              PIN_SEGG=0;     
 210   3                                              }
 211   2                                                                      
 212   2                              break;
 213   2                      case 7:
 214   2                              if(Flg_SegH)
 215   2                                      {
 216   3                                      PIN_SEGDP=1;
 217   3                                      }
 218   2                                      else
 219   2                                              {
 220   3                                              PIN_SEGDP=0;    
 221   3                                              }
 222   2                              break;  
 223   2                      default:
 224   2                              break;                                                                                                  
 225   2              }
 226   1              switch(R_ComCnt)
 227   1              {
 228   2                      case 0:                 
 229   2                              PIN_COM1=0;                                     
 230   2                              break;
 231   2                      case 1:
 232   2                              PIN_COM2=0;                     
 233   2                              break;  
 234   2                      case 2:
 235   2                              PIN_COM3=0;                     
 236   2                              break;  
 237   2                      case 3:
 238   2                              PIN_COM4=0;                     
 239   2                              break;  
C51 COMPILER V9.00   DISPDRV                                                               11/09/2017 16:51:27 PAGE 5   

 240   2                      case 4:
 241   2                              PIN_COM5=0;                     
 242   2                              break;
 243   2                      case 5:
 244   2                              PIN_COM6=0;
 245   2                              PIN_SEGF=1;
 246   2                              PIN_SEGA=1;
 247   2                              PIN_SEGB=1;
 248   2                              KeyScan();                      
 249   2                              break;                                                                                  
 250   2                      default:
 251   2                              break;                          
 252   2              }
 253   1              P1M1&=0x00;//00000011B
 254   1              P1M0|=0xff;//00000011B
 255   1              P2M1&=~0xc4;//00000011B
 256   1              P2M0|=0xc4;//11000100B  
 257   1              P5M1&=~0x30;//00000011B
 258   1              P5M0|=0x30;//00110000B                  
 259   1      //      switch(R_ComCnt)
 260   1      //      {
 261   1      //              case 0:                 
 262   1      //                      PIN_COM1=0;
 263   1      //      P0M0|=0xff;//
 264   1      //      P0M1&=0x00;
 265   1      //      P1M0|=0x03;//00000011B
 266   1      //      P1M1&=~0x03;//00000000B                                                                 
 267   1      //                      break;
 268   1      //              case 1:
 269   1      //                      PIN_COM1=1;                             
 270   1      //                      break;  
 271   1      //              default:
 272   1      //                      break;                          
 273   1      //      }
 274   1                      
 275   1      }
 276          //-------------------------------------------
 277          /*---------------按键扫描子程序------------
 278          //--------------------------------------------
 279          /输入：
 280          /输出：各个按键键值R_KeyValue，用于按键中间层使用
 281          /备注：定时器中断子程序中调用
 282          /
 283          */
 284          //-------------------------------------------   
 285          void    KeyScan()//放在中断函数中执行125us执行一次
 286          {
 287   1              R_KeyValue=0;
 288   1              if(!Pin_KeyUp)
 289   1                      {
 290   2                      R_KeyValue=D_keyUp;
 291   2                      }
 292   1                      else
 293   1                              {
 294   2      
 295   2                              }
 296   1              if(!Pin_KeyDown)
 297   1                      {
 298   2                      R_KeyValue=D_keyDown;
 299   2                      }
 300   1                      else
 301   1                              {
C51 COMPILER V9.00   DISPDRV                                                               11/09/2017 16:51:27 PAGE 6   

 302   2      
 303   2                              }               
 304   1                              
 305   1              if(!Pin_TimerSet)
 306   1                      {
 307   2                      R_KeyValue=D_keyTimerSet;       
 308   2                      }
 309   1      }


MODULE INFORMATION:   STATIC OVERLAYABLE
   CODE SIZE        =    335    ----
   CONSTANT SIZE    =     25    ----
   XDATA SIZE       =   ----    ----
   PDATA SIZE       =   ----    ----
   DATA SIZE        =      8    ----
   IDATA SIZE       =   ----    ----
   BIT SIZE         =      1    ----
END OF MODULE INFORMATION.


C51 COMPILATION COMPLETE.  0 WARNING(S),  0 ERROR(S)
