C51 COMPILER V9.00   READKEY                                                               10/16/2017 11:20:19 PAGE 1   


C51 COMPILER V9.00, COMPILATION OF MODULE READKEY
OBJECT MODULE PLACED IN .\Objects\ReadKey.obj
COMPILER INVOKED BY: G:\Keil_v5\C51\BIN\C51.EXE ReadKey.c OPTIMIZE(8,SPEED) INCDIR(.\Objects) DEBUG OBJECTEXTEND PRINT(.
                    -\Listings\ReadKey.lst) OBJECT(.\Objects\ReadKey.obj)

line level    source

   1          #include"ReadKey.h"
   2          unsigned char   R_KeyDelay      =0;
   3          unsigned char   KeyMarkDly      =0;
   4          unsigned char   R_KeyDoubleTm   =0;
   5          unsigned int    R_KeyPressTm    =0;
   6          unsigned char   R_KeyValue      =0;
   7          unsigned char   R_OldKeyValue   =0;
   8          unsigned char   R_CurKey        =0;
   9          unsigned char   R_KeyBuffer     =0;
  10          
  11          bit     FLG_keymark     =0;
  12          bit     FLG_keyDouble   =0;
  13          bit     FLG_EnableDoubleKey     =0;
  14          bit     Flg_LongKey     =0;
  15          bit     Flg_EnableLongKey       =0;
  16          
  17          bit     Flg_HaveKey;
  18          
  19          void    ReadR_KeyValue()//放在2ms分时中执行，20ms执行一次
  20          {
  21   1      //      if(!Flg_SisResetOK)     //系统未初始化完成，退出
  22   1      //              return;
  23   1              if(R_KeyDelay)
  24   1                      {
  25   2                      R_KeyDelay--;   
  26   2                      }
  27   1              if(R_KeyDoubleTm)
  28   1                      {
  29   2                      R_KeyDoubleTm--;        
  30   2                      }               
  31   1              if(R_KeyPressTm)
  32   1                      {
  33   2                      R_KeyPressTm--; 
  34   2                      }               
  35   1                      else
  36   1                              {
  37   2                              Flg_EnableLongKey=0;
  38   2                              FLG_EnableDoubleKey=0;
  39   2                              FLG_keymark=0;  
  40   2                              FLG_EnableDoubleKey=0;                          
  41   2                              }               
  42   1              if(!R_KeyDelay)
  43   1                      { 
  44   2                       R_OldKeyValue=0;
  45   2                      Flg_EnableLongKey=0;
  46   2                      FLG_keymark=0;                           
  47   2                      }
  48   1      //      if(R_KeyValue)
  49   1                      {
  50   2                      R_OldKeyValue=R_KeyValue;       
  51   2                      }
  52   1              if(R_OldKeyValue == R_CurKey)
  53   1                      {
  54   2                      if(R_OldKeyValue)//当前键值不为0
C51 COMPILER V9.00   READKEY                                                               10/16/2017 11:20:19 PAGE 2   

  55   2                              {
  56   3                              if(R_KeyPressTm == 0)//长按时间到
  57   3                                      {
  58   4                                      if(Flg_EnableLongKey)//长按键使能切有效按键
  59   4                                              {                                       
  60   5                                              Flg_LongKey=1;
  61   5                                              Flg_EnableLongKey=0;
  62   5                                              R_CurKey=R_OldKeyValue;
  63   5                                              Flg_HaveKey=1;          
  64   5                                              }
  65   4                                              else
  66   4                                                      {
  67   5                                                      FLG_keymark=1;
  68   5                                                      R_CurKey=R_OldKeyValue;
  69   5                                                      Flg_HaveKey=1;
  70   5                                                      R_KeyPressTm=1; 
  71   5                                                      }                                       
  72   4                                      }
  73   3      
  74   3                              R_KeyDelay=50;                          
  75   3                              }
  76   2                              else
  77   2                                      {
  78   3                                      R_CurKey=R_OldKeyValue;
  79   3                                      Flg_EnableLongKey=0;            
  80   3                                      }
  81   2                      }
  82   1                      else//第一次产生有效按键
  83   1                              {
  84   2                              Flg_EnableLongKey=0;
  85   2                              if(R_OldKeyValue)
  86   2                                      {
  87   3                                      if(FLG_EnableDoubleKey)
  88   3                                              {
  89   4                                              if(R_KeyDoubleTm)
  90   4                                                      {
  91   5                                                      FLG_keyDouble=1;
  92   5                                                      R_CurKey=R_OldKeyValue;
  93   5                                                      Flg_HaveKey=1;  
  94   5                                                      R_KeyDelay=50;
  95   5                                                      R_KeyPressTm=10;                                                
  96   5                                                      }
  97   4                                                      else
  98   4                                                              {
  99   5                                                              FLG_keyDouble=0;        
 100   5                                                              }       
 101   4                                              }
 102   3                                              else
 103   3                                                      {
 104   4                                                      R_CurKey=R_OldKeyValue;
 105   4                                                      Flg_HaveKey=1;
 106   4                                                      FLG_keymark=0;
 107   4                                                      R_KeyDelay=50;
 108   4                                                      R_KeyPressTm=10;                                                        
 109   4                                                      }                                                       
 110   3                                      }
 111   2                                      else
 112   2                                              {
 113   3                                              R_CurKey=R_OldKeyValue;                                                 
 114   3                                              }
 115   2                                      
 116   2      
C51 COMPILER V9.00   READKEY                                                               10/16/2017 11:20:19 PAGE 3   

 117   2                              }
 118   1      
 119   1      }
 120          
 121          void EnableDoubleKey()
 122          {
 123   1              if(FLG_EnableDoubleKey==0)
 124   1                      {
 125   2                      FLG_EnableDoubleKey=1;
 126   2      //              FLG_keyDouble=1;
 127   2                      R_KeyDoubleTm=100;
 128   2                      }       
 129   1      }
 130          //-----------------------------------------
 131          //
 132          //按键长按键处理子程序
 133          //
 134          //-----------------------------------------
 135          void EnableLongKeyS(unsigned char XS)
 136          {
 137   1              if(Flg_EnableLongKey==0)
 138   1                      {
 139   2                      Flg_EnableLongKey=1;
 140   2      //              Flg_LongKey=1;
 141   2                      R_KeyPressTm=XS*1000/20;
 142   2                      }       
 143   1      }


MODULE INFORMATION:   STATIC OVERLAYABLE
   CODE SIZE        =    183    ----
   CONSTANT SIZE    =   ----    ----
   XDATA SIZE       =   ----    ----
   PDATA SIZE       =   ----    ----
   DATA SIZE        =      9    ----
   IDATA SIZE       =   ----    ----
   BIT SIZE         =      6    ----
END OF MODULE INFORMATION.


C51 COMPILATION COMPLETE.  0 WARNING(S),  0 ERROR(S)
