C51 COMPILER V9.00   DISPDRV                                                               10/28/2017 23:56:57 PAGE 1   


C51 COMPILER V9.00, COMPILATION OF MODULE DISPDRV
OBJECT MODULE PLACED IN .\Objects\DispDrv.obj
COMPILER INVOKED BY: G:\Keil_v5\C51\BIN\C51.EXE SRC\DispDrv.c OPTIMIZE(9,SPEED) BROWSE INCDIR(.\SRC) DEBUG OBJECTEXTEND 
                    -PRINT(.\Listings\DispDrv.lst) OBJECT(.\Objects\DispDrv.obj)

line level    source

   1          #include"display.H" 
   2          unsigned char code Digit_Tab[]={DT_0,DT_1,DT_2,DT_3,DT_4,DT_5,DT_6,DT_7,DT_8,\
   3                                          DT_9,DT_A,DT_C,DT_d,DT_E,DT_F,DT_NO};// 显示段码值0~9
   4                                          
   5          unsigned char code Mode_Tab[]={0x00,A_SEG,F_SEG,E_SEG,D_SEG,B_SEG,H_SEG,C_SEG,G_SEG};                     
             -           
   6          //---------------------------------------------
   7          //-----------------------------------------------------------
   8          //显示2
   9          //显示
  10          bit Flg_DispOK;
  11          unsigned char   R_DBUF1,R_DBUF2,R_DBUF3,R_DBUF4,R_DBUF5;//,R_DBUF6=0;
  12          unsigned char   bdata  R_DBUFX;
  13          sbit    Flg_SegA=R_DBUFX^0;
  14          sbit    Flg_SegB=R_DBUFX^1;
  15          sbit    Flg_SegC=R_DBUFX^2;
  16          sbit    Flg_SegD=R_DBUFX^3;
  17          sbit    Flg_SegE=R_DBUFX^4;
  18          sbit    Flg_SegF=R_DBUFX^5;
  19          sbit    Flg_SegG=R_DBUFX^6;
  20          sbit    Flg_SegH=R_DBUFX^7;
  21          //SEG口
  22          #define SEG P1
  23          sbit    PIN_SEGA = P2^7;   //P1^5;   P1^2; 
  24          sbit    PIN_SEGB = P1^3;   //P1^0;   P1^7; 
  25          sbit    PIN_SEGC = P1^6;   //P1^1;   P1^6; 
  26          sbit    PIN_SEGD = P5^4;   //P1^2;   P1^5; 
  27          sbit    PIN_SEGE = P1^7;   //P1^3;   P1^4; 
  28          sbit    PIN_SEGF = P1^0;   //P1^4;   P1^3; 
  29          sbit    PIN_SEGG = P1^5;   //P1^6;   P1^1; 
  30          sbit    PIN_SEGDP = P5^5;  // P1^7;   P1^0;                                                                  
  31          //COM口
  32          sbit    PIN_COM1 = P2^6;
  33          sbit    PIN_COM2 = P1^1;
  34          sbit    PIN_COM3 = P1^2;
  35          sbit    PIN_COM4 = P1^4;
  36          sbit    PIN_COM5 = P2^2;
  37                  
  38          //void Init_Disp()
  39          //{
  40          //      PinPP(0,0);
  41          //      PinPP(0,1);
  42          //      PinPP(0,2);
  43          //      PinPP(0,3);
  44          //      PinPP(0,4);
  45          //      PinPP(0,5);
  46          //      PinPP(0,6);
  47          //      PinPP(0,7);
  48          //      PinPP(1,0);
  49          //      PinPP(1,1);
  50          //      
  51          //}
  52          void DispDrv()
  53          {
C51 COMPILER V9.00   DISPDRV                                                               10/28/2017 23:56:57 PAGE 2   

  54   1              static u8 R_SegCnt,R_ComCnt;
  55   1      //      PIN_COM1=1;
  56   1      //      PIN_SEGA=0;
  57   1      //      PIN_SEGB=0;
  58   1      //      PIN_SEGC=0;
  59   1      //      PIN_SEGD=0;
  60   1      //      PIN_SEGE=0;
  61   1      //      PIN_SEGF=0;
  62   1      //      PIN_SEGG=0;
  63   1      //      PIN_SEGDP=0;
  64   1      
  65   1              P1M0&=0x00;//00000011B
  66   1              P1M1|=0xff;//00000011B
  67   1              P2M0&=~0xc4;//00000011B
  68   1              P2M1|=0xc4;//11000100B  
  69   1              P5M0&=~0x30;//00000011B
  70   1              P5M1|=0x30;//00110000B  
  71   1              PIN_COM1=1;
  72   1              PIN_COM2=1;
  73   1              PIN_COM3=1;
  74   1              PIN_COM4=1;     
  75   1              PIN_COM5=1;
  76   1              PIN_SEGA=0;
  77   1              PIN_SEGA=0;
  78   1              PIN_SEGB=0;
  79   1              PIN_SEGC=0;
  80   1              PIN_SEGD=0;     
  81   1              PIN_SEGE=0;
  82   1              PIN_SEGF=0;
  83   1              PIN_SEGG=0;
  84   1              PIN_SEGDP=0;
  85   1              if(Flg_DispOK==0)
  86   1                      {
  87   2                      return; 
  88   2                      }
  89   1      //      R_DBUFX=A_SEG|B_SEG|E_SEG;
  90   1              R_SegCnt++;
  91   1              if(R_SegCnt==8)
  92   1                      {
  93   2                      R_SegCnt=0;
  94   2                      R_ComCnt++;
  95   2                      if(R_ComCnt==5)
  96   2                              {
  97   3                              R_ComCnt=0;     
  98   3                              }       
  99   2                      }
 100   1              switch(R_ComCnt)
 101   1              {
 102   2                      case 0:                 
 103   2                              R_DBUFX=R_DBUF1;//Digit_Tab[R_data];                                    
 104   2                              break;
 105   2                      case 1:
 106   2                              R_DBUFX=R_DBUF2;                        
 107   2                              break;  
 108   2                      case 2:
 109   2                              R_DBUFX=R_DBUF3;                        
 110   2                              break;  
 111   2                      case 3:
 112   2                              R_DBUFX=R_DBUF4;                        
 113   2                              break;  
 114   2                      case 4:
 115   2                              R_DBUFX=R_DBUF5;                        
C51 COMPILER V9.00   DISPDRV                                                               10/28/2017 23:56:57 PAGE 3   

 116   2                              break;                                                  
 117   2                      default:
 118   2                              break;                          
 119   2              }               
 120   1              switch(R_SegCnt)
 121   1              {
 122   2                      case 0:
 123   2                              if(Flg_SegA)
 124   2                                      {
 125   3                                      PIN_SEGA=1;
 126   3                                      }
 127   2                                      else
 128   2                                              {
 129   3                                              PIN_SEGA=0;     
 130   3                                              }
 131   2                                                                      
 132   2                              break;
 133   2                      case 1:
 134   2                              if(Flg_SegB)
 135   2                                      {
 136   3                                      PIN_SEGB=1;
 137   3                                      }
 138   2                                      else
 139   2                                              {
 140   3                                              PIN_SEGB=0;     
 141   3                                              }
 142   2                                                                      
 143   2                              break;
 144   2                      case 2:
 145   2                              if(Flg_SegC)
 146   2                                      {
 147   3                                      PIN_SEGC=1;
 148   3                                      }
 149   2                                      else
 150   2                                              {
 151   3                                              PIN_SEGC=0;     
 152   3                                              }
 153   2                                                                      
 154   2                              break;
 155   2                      case 3:
 156   2                              if(Flg_SegD)
 157   2                                      {
 158   3                                      PIN_SEGD=1;
 159   3                                      }
 160   2                                      else
 161   2                                              {
 162   3                                              PIN_SEGD=0;     
 163   3                                              }
 164   2                                                                      
 165   2                              break;  
 166   2                      case 4:
 167   2                              if(Flg_SegE)
 168   2                                      {
 169   3                                      PIN_SEGE=1;
 170   3                                      }
 171   2                                      else
 172   2                                              {
 173   3                                              PIN_SEGE=0;     
 174   3                                              }
 175   2                                                                      
 176   2                              break;
 177   2                      case 5:
C51 COMPILER V9.00   DISPDRV                                                               10/28/2017 23:56:57 PAGE 4   

 178   2                              if(Flg_SegF)
 179   2                                      {
 180   3                                      PIN_SEGF=1;
 181   3                                      }
 182   2                                      else
 183   2                                              {
 184   3                                              PIN_SEGF=0;     
 185   3                                              }
 186   2                                                                      
 187   2                              break;
 188   2                      case 6:
 189   2                              if(Flg_SegG)
 190   2                                      {
 191   3                                      PIN_SEGG=1;
 192   3                                      }
 193   2                                      else
 194   2                                              {
 195   3                                              PIN_SEGG=0;     
 196   3                                              }
 197   2                                                                      
 198   2                              break;
 199   2                      case 7:
 200   2                              if(Flg_SegH)
 201   2                                      {
 202   3                                      PIN_SEGDP=1;
 203   3                                      }
 204   2                                      else
 205   2                                              {
 206   3                                              PIN_SEGDP=0;    
 207   3                                              }
 208   2                              break;  
 209   2                      default:
 210   2                              break;                                                                                                  
 211   2              }
 212   1              switch(R_ComCnt)
 213   1              {
 214   2                      case 0:                 
 215   2                              PIN_COM1=0;                                     
 216   2                              break;
 217   2                      case 1:
 218   2                              PIN_COM2=0;                     
 219   2                              break;  
 220   2                      case 2:
 221   2                              PIN_COM3=0;                     
 222   2                              break;  
 223   2                      case 3:
 224   2                              PIN_COM4=0;                     
 225   2                              break;  
 226   2                      case 4:
 227   2                              PIN_COM5=0;                     
 228   2                              break;                                                  
 229   2                      default:
 230   2                              break;                          
 231   2              }
 232   1              P1M1&=0x00;//00000011B
 233   1              P1M0|=0xff;//00000011B
 234   1              P2M1&=~0xc4;//00000011B
 235   1              P2M0|=0xc4;//11000100B  
 236   1              P5M1&=~0x30;//00000011B
 237   1              P5M0|=0x30;//00110000B                  
 238   1      //      switch(R_ComCnt)
 239   1      //      {
C51 COMPILER V9.00   DISPDRV                                                               10/28/2017 23:56:57 PAGE 5   

 240   1      //              case 0:                 
 241   1      //                      PIN_COM1=0;
 242   1      //      P0M0|=0xff;//
 243   1      //      P0M1&=0x00;
 244   1      //      P1M0|=0x03;//00000011B
 245   1      //      P1M1&=~0x03;//00000000B                                                                 
 246   1      //                      break;
 247   1      //              case 1:
 248   1      //                      PIN_COM1=1;                             
 249   1      //                      break;  
 250   1      //              default:
 251   1      //                      break;                          
 252   1      //      }
 253   1                      
 254   1      }


MODULE INFORMATION:   STATIC OVERLAYABLE
   CODE SIZE        =    292    ----
   CONSTANT SIZE    =     25    ----
   XDATA SIZE       =   ----    ----
   PDATA SIZE       =   ----    ----
   DATA SIZE        =      8    ----
   IDATA SIZE       =   ----    ----
   BIT SIZE         =      1    ----
END OF MODULE INFORMATION.


C51 COMPILATION COMPLETE.  0 WARNING(S),  0 ERROR(S)
