C51 COMPILER V9.00   HC595                                                                 08/01/2017 20:10:41 PAGE 1   


C51 COMPILER V9.00, COMPILATION OF MODULE HC595
OBJECT MODULE PLACED IN .\Objects\HC595.obj
COMPILER INVOKED BY: G:\Keil_v5\C51\BIN\C51.EXE HC595.c OPTIMIZE(8,SPEED) BROWSE DEBUG OBJECTEXTEND PRINT(.\Listings\HC5
                    -95.lst) OBJECT(.\Objects\HC595.obj)

line level    source

   1          
   2          #include "HC595.h"
   3          
   4          //--------------------------------------------------------
   5          //数码管SEG口的数据发送
   6          //
   7          //
   8          //--------------------------------------------------------
   9          void HC595(unsigned char Data_COM,unsigned char Data_Seg)
  10          {
  11   1      unsigned char i;
  12   1      
  13   1      
  14   1                      
  15   1              for(i=0;i<8;i++)//SEG口数据
  16   1                      {
  17   2                      SEG_SCK=0;
  18   2                      _nop_();
  19   2                      _nop_();
  20   2                      if((Data_Seg<<i)&0x80)SEG_DT=1;
  21   2                              else SEG_DT=0;
  22   2                      _nop_();
  23   2                      _nop_();
  24   2                      SEG_SCK=1;
  25   2                      _nop_();
  26   2                      _nop_();
  27   2                      }
  28   1              i=0;    
  29   1              for(i=0;i<8;i++)//COM口数据
  30   1                      {
  31   2                      SEG_SCK=0;
  32   2                      _nop_();
  33   2                      _nop_();
  34   2                      if((Data_COM<<i)&0x80)SEG_DT=1;
  35   2                              else SEG_DT=0;
  36   2                      _nop_();
  37   2                      _nop_();
  38   2                      SEG_SCK=1;
  39   2                      _nop_();
  40   2                      _nop_();
  41   2                      }                               
  42   1              SEG_STCK=0;
  43   1              _nop_();
  44   1              _nop_();
  45   1              SEG_STCK=1;
  46   1      }


MODULE INFORMATION:   STATIC OVERLAYABLE
   CODE SIZE        =     77    ----
   CONSTANT SIZE    =   ----    ----
   XDATA SIZE       =   ----    ----
   PDATA SIZE       =   ----    ----
   DATA SIZE        =   ----    ----
C51 COMPILER V9.00   HC595                                                                 08/01/2017 20:10:41 PAGE 2   

   IDATA SIZE       =   ----    ----
   BIT SIZE         =   ----    ----
END OF MODULE INFORMATION.


C51 COMPILATION COMPLETE.  0 WARNING(S),  0 ERROR(S)
