C51 COMPILER V9.00   DHT11                                                                 09/03/2017 21:30:27 PAGE 1   


C51 COMPILER V9.00, COMPILATION OF MODULE DHT11
OBJECT MODULE PLACED IN .\Objects\dht11.obj
COMPILER INVOKED BY: G:\Keil_v5\C51\BIN\C51.EXE SRC\dht11.c OPTIMIZE(8,SPEED) BROWSE INCDIR(.\SRC) DEBUG OBJECTEXTEND PR
                    -INT(.\Listings\dht11.lst) OBJECT(.\Objects\dht11.obj)

line level    source

   1          //////////////////////////////////////////////////////////////////////////////////       
   2          //
   3          //  文 件 名   : DHT11.c
   4          //  版 本 号   : v0.0
   5          //  作    者   : LQP
   6          //  生成日期   : 2017-08-27
   7          //  最近修改   : 
   8          //  功能描述   : 温湿度一体模块
   9          //              说明: 
  10          //                      RH();子程序放在20ms的分时架构中处理，主机发的开始信号
  11          //                      不是原地等待，而是利用，分时循环查询，理论要求大于18ms
  12          //                      上电Flg_XOR=0；先把data脚拉低，下个分时循环再去接收数据
  13          //                      接收数据用时4ms（晶振22.118400hz，1T），
  14          //                      通过使能Flg_ToCheckDHT去调用RH();，逻辑分析仪抓去发现，
  15          //                      数据2s中刷新一次
  16          //              ----------------------------------------------------------------
  17          //              GND    电源地
  18          //              NC      空
  19          //              Pin_DHT11   P1^4
  20          //              VCC  接5V或3.3v电源
  21                       
  22          //              ----------------------------------------------------------------
  23          // 修改历史   :
  24          // 日    期   : 
  25          // 作    者   : LQP
  26          // 修改内容   : 创建文件
  27          
  28          //******************************************************************************/
  29          #include "dht11.h"
  30          
  31          
  32          sbit Pin_DHT11 = P1^4;
  33          
  34          U8  U8FLAG;
  35          U8  U8temp;
  36          U8  U8T_data_H,U8T_data_L,U8RH_data_H,U8RH_data_L,U8checkdata;
  37          U8  U8T_data_H_temp,U8T_data_L_temp,U8RH_data_H_temp,U8RH_data_L_temp,U8checkdata_temp;
  38          U8  U8comdata;
  39          bit Flg_ToCheckDHT;
  40          bit Flg_XOR;
  41          
  42          void  Delay_10us(void)
  43          {
  44   1          U8 i;
  45   1              _nop_();
  46   1              _nop_();
  47   1              _nop_();
  48   1              i = 52;
  49   1              while (--i);
  50   1      }
  51          
  52          void  COM(void)
  53          {
  54   1          U8 i;
C51 COMPILER V9.00   DHT11                                                                 09/03/2017 21:30:27 PAGE 2   

  55   1          for(i=0;i<8;i++)       
  56   1          {
  57   2                  U8FLAG=2;
  58   2                 while((!Pin_DHT11)&&U8FLAG++);
  59   2      
  60   2                      Delay_10us();   ////
  61   2                      Delay_10us();   //   /此处一定要30us的时间
  62   2                      Delay_10us();   //// 
  63   2      
  64   2                      U8temp=0;
  65   2              if(Pin_DHT11)U8temp=1;
  66   2                          U8FLAG=2;
  67   2                      while((Pin_DHT11)&&U8FLAG++);
  68   2                      //超时则跳出for循环               
  69   2                      if(U8FLAG==1)break;
  70   2                      //判断数据位是0还是1     
  71   2                         
  72   2                      // 如果高电平高过预定0高电平值则数据位为 1 
  73   2                       
  74   2                      U8comdata<<=1;
  75   2                      U8comdata|=U8temp;        //0
  76   2          }//rof
  77   1      }
  78          
  79          //--------------------------------
  80          //-----温湿度读取子程序 ------------
  81          //--------------------------------
  82          //----以下变量均为全局变量--------
  83          //----温度高8位== U8T_data_H------
  84          //----温度低8位== U8T_data_L------
  85          //----湿度高8位== U8RH_data_H-----
  86          //----湿度低8位== U8RH_data_L-----
  87          //----校验 8位 == U8checkdata-----
  88          //----调用相关子程序如下----------
  89          //---- Delay();, Delay_10us();,COM(); 
  90          //--------------------------------
  91          U8 RH(void)
  92          {
  93   1          //主机拉低18ms 
  94   1          if(Flg_XOR)
  95   1              {
  96   2              Flg_XOR=0;      
  97   2              Pin_DHT11=1;
  98   2              //总线由上拉电阻拉高 主机延时20us
  99   2              Delay_10us();
 100   2              Delay_10us();
 101   2              Delay_10us();
 102   2              Delay_10us();
 103   2              //主机设为输入 判断从机响应信号 
 104   2              Pin_DHT11=1;
 105   2              //判断从机是否有低电平响应信号 如不响应则跳出，响应则向下运行     
 106   2              if(!Pin_DHT11)           //T !    
 107   2              {
 108   3                  U8FLAG=2;
 109   3                  //判断从机是否发出 80us 的低电平响应信号是否结束     
 110   3                  while((!Pin_DHT11)&&U8FLAG++);
 111   3                  U8FLAG=2;
 112   3                  //判断从机是否发出 80us 的高电平，如发出则进入数据接收状态
 113   3                  while((Pin_DHT11)&&U8FLAG++);
 114   3                  //数据接收状态               
 115   3                  COM();
 116   3                  U8RH_data_H_temp=U8comdata;
C51 COMPILER V9.00   DHT11                                                                 09/03/2017 21:30:27 PAGE 3   

 117   3                  COM();
 118   3                  U8RH_data_L_temp=U8comdata;
 119   3                  COM();
 120   3                  U8T_data_H_temp=U8comdata;
 121   3                  COM();
 122   3                  U8T_data_L_temp=U8comdata;
 123   3                  COM();
 124   3                  U8checkdata_temp=U8comdata;
 125   3                  Pin_DHT11=1;
 126   3                  //数据校验 
 127   3                  U8temp=(U8T_data_H_temp+U8T_data_L_temp+U8RH_data_H_temp+U8RH_data_L_temp);
 128   3                  if(U8temp==U8checkdata_temp)
 129   3                  {
 130   4                         U8RH_data_H=U8RH_data_H_temp;
 131   4                         U8RH_data_L=U8RH_data_L_temp;
 132   4                         U8T_data_H=U8T_data_H_temp;
 133   4                         U8T_data_L=U8T_data_L_temp;
 134   4                         U8checkdata=U8checkdata_temp;
 135   4                  }//fi
 136   3                  Flg_ToCheckDHT=0;
 137   3                      return 1;
 138   3              }//fi
 139   2              else   //传感器不响应
 140   2              {
 141   3                       Flg_ToCheckDHT=0;
 142   3                      return 0;
 143   3              }  
 144   2                              
 145   2              }
 146   1              else
 147   1                      {
 148   2                      Flg_XOR=1;      
 149   2                      Pin_DHT11=0;    
 150   2                      return 0;
 151   2                      }
 152   1              
 153   1      //      Delay1(18);  //原来为5
 154   1      
 155   1      }


MODULE INFORMATION:   STATIC OVERLAYABLE
   CODE SIZE        =    196    ----
   CONSTANT SIZE    =   ----    ----
   XDATA SIZE       =   ----    ----
   PDATA SIZE       =   ----    ----
   DATA SIZE        =     13    ----
   IDATA SIZE       =   ----    ----
   BIT SIZE         =      2    ----
END OF MODULE INFORMATION.


C51 COMPILATION COMPLETE.  0 WARNING(S),  0 ERROR(S)
