C51 COMPILER V9.00   DS1302                                                                09/03/2017 21:30:27 PAGE 1   


C51 COMPILER V9.00, COMPILATION OF MODULE DS1302
OBJECT MODULE PLACED IN .\Objects\DS1302.obj
COMPILER INVOKED BY: G:\Keil_v5\C51\BIN\C51.EXE SRC\DS1302.c OPTIMIZE(8,SPEED) BROWSE INCDIR(.\SRC) DEBUG OBJECTEXTEND P
                    -RINT(.\Listings\DS1302.lst) OBJECT(.\Objects\DS1302.obj)

line level    source

   1          
   2          #include "ds1302.h"
   3          
   4          unsigned char time_buf1[8] = {20,10,6,5,12,55,00,6};//空年月日时分秒周
   5          unsigned char time_buf[8] ;                         //空年月日时分秒周
   6          
   7          /*------------------------------------------------
   8                     向DS1302写入一字节数据
   9          ------------------------------------------------*/
  10          void Ds1302_Write_Byte(unsigned char addr, unsigned char d)
  11          {
  12   1      
  13   1              unsigned char i;
  14   1              RST_SET;        
  15   1              //写入目标地址：addr
  16   1              addr = addr & 0xFE;     //最低位置零
  17   1              for (i = 0; i < 8; i ++) 
  18   1                  { 
  19   2                      if (addr & 0x01) 
  20   2                          {
  21   3                              IO_SET;
  22   3                              }
  23   2                      else 
  24   2                          {
  25   3                              IO_CLR;
  26   3                              }
  27   2                      SCK_SET;
  28   2                      SCK_CLR;
  29   2                      addr = addr >> 1;
  30   2                      }
  31   1              
  32   1              //写入数据：d
  33   1              for (i = 0; i < 8; i ++) 
  34   1                 {
  35   2                      if (d & 0x01) 
  36   2                          {
  37   3                              IO_SET;
  38   3                              }
  39   2                      else 
  40   2                          {
  41   3                              IO_CLR;
  42   3                              }
  43   2                      SCK_SET;
  44   2                      SCK_CLR;
  45   2                      d = d >> 1;
  46   2                      }
  47   1              RST_CLR;
  48   1      }
  49          /*------------------------------------------------
  50                     从DS1302读出一字节数据
  51          ------------------------------------------------*/
  52          
  53          unsigned char Ds1302_Read_Byte(unsigned char addr) 
  54          {
C51 COMPILER V9.00   DS1302                                                                09/03/2017 21:30:27 PAGE 2   

  55   1      
  56   1              unsigned char i;
  57   1              unsigned char temp;
  58   1              RST_SET;        
  59   1              //写入目标地址：addr
  60   1              addr = addr | 0x01;//最低位置高
  61   1              for (i = 0; i < 8; i ++) 
  62   1                  {
  63   2                   
  64   2                      if (addr & 0x01) 
  65   2                         {
  66   3                              IO_SET;
  67   3                              }
  68   2                      else 
  69   2                          {
  70   3                              IO_CLR;
  71   3                              }
  72   2                      SCK_SET;
  73   2                      SCK_CLR;
  74   2                      addr = addr >> 1;
  75   2                      }
  76   1              
  77   1              //输出数据：temp
  78   1              for (i = 0; i < 8; i ++) 
  79   1                  {
  80   2                      temp = temp >> 1;
  81   2                      if (IO_R) 
  82   2                         {
  83   3                              temp |= 0x80;
  84   3                              }
  85   2                      else 
  86   2                         {
  87   3                              temp &= 0x7F;
  88   3                              }
  89   2                      SCK_SET;
  90   2                      SCK_CLR;
  91   2                      }
  92   1              
  93   1              RST_CLR;        //停止DS1302总线
  94   1              return temp;
  95   1      }
  96          
  97          /*------------------------------------------------
  98                     向DS1302写入时钟数据
  99          ------------------------------------------------*/
 100          //void Ds1302_Write_Time(void) 
 101          //{
 102          //     
 103          //    unsigned char i,tmp;
 104          //      for(i=0;i<8;i++)
 105          //          {                  //BCD处理
 106          //              tmp=time_buf1[i]/10;
 107          //              time_buf[i]=time_buf1[i]%10;
 108          //              time_buf[i]=time_buf[i]+tmp*16;
 109          //          }
 110          //      Ds1302_Write_Byte(ds1302_control_add,0x00);                     //关闭写保护 
 111          //      Ds1302_Write_Byte(ds1302_sec_add,0x80);                         //暂停 
 112          //      Ds1302_Write_Byte(ds1302_charger_add,0xa9);                     //涓流充电 
 113          //      Ds1302_Write_Byte(ds1302_year_add,time_buf[1]);         //年 
 114          //      Ds1302_Write_Byte(ds1302_month_add,time_buf[2]);        //月 
 115          //      Ds1302_Write_Byte(ds1302_date_add,time_buf[3]);         //日 
 116          ////    Ds1302_Write_Byte(ds1302_day_add,time_buf[7]);          //周 
C51 COMPILER V9.00   DS1302                                                                09/03/2017 21:30:27 PAGE 3   

 117          //      Ds1302_Write_Byte(ds1302_hr_add,time_buf[4]);           //时 
 118          //      Ds1302_Write_Byte(ds1302_min_add,time_buf[5]);          //分
 119          //      Ds1302_Write_Byte(ds1302_sec_add,time_buf[6]);          //秒
 120          //      Ds1302_Write_Byte(ds1302_day_add,time_buf[7]);          //周 
 121          //      Ds1302_Write_Byte(ds1302_control_add,0x80);                     //打开写保护 
 122          //}
 123          
 124          /*------------------------------------------------
 125                     从DS1302读出时钟数据
 126          ------------------------------------------------*/
 127          void Ds1302_Read_Time(void)  
 128          { 
 129   1                  unsigned char i,tmp;
 130   1               static unsigned char R_JmpCNt;
 131   1               R_JmpCNt++;
 132   1               if(R_JmpCNt==4)R_JmpCNt=0;
 133   1               switch(R_JmpCNt)
 134   1               {
 135   2                      case 0:
 136   2                              time_buf[1]=Ds1302_Read_Byte(ds1302_year_add);          //年 
 137   2                              time_buf[2]=Ds1302_Read_Byte(ds1302_month_add);         //月 
 138   2                              break;  
 139   2                      case 1:
 140   2                              time_buf[3]=Ds1302_Read_Byte(ds1302_date_add);          //日 
 141   2                              time_buf[4]=Ds1302_Read_Byte(ds1302_hr_add);            //时                    
 142   2                              break;  
 143   2                      case 2:
 144   2                              time_buf[5]=Ds1302_Read_Byte(ds1302_min_add);           //分 
 145   2                              time_buf[6]=(Ds1302_Read_Byte(ds1302_sec_add))&0x7F;//秒 
 146   2                              time_buf[7]=Ds1302_Read_Byte(ds1302_day_add);           //周                    
 147   2                              break;  
 148   2                      case 3:
 149   2                              for(i=0;i<8;i++)
 150   2                                      {           //BCD处理
 151   3                                      tmp=time_buf[i]/16;
 152   3                                      time_buf1[i]=time_buf[i]%16;
 153   3                                      time_buf1[i]=time_buf1[i]+tmp*10;
 154   3                                      }       
 155   2                              break;  
 156   2                      default:
 157   2                              
 158   2                              break;                                                                                                          
 159   2               }
 160   1              
 161   1      
 162   1      
 163   1      
 164   1      
 165   1      
 166   1      }
 167          
 168          /*------------------------------------------------
 169                          DS1302初始化
 170          ------------------------------------------------*/
 171          void Init_DS1302(void)
 172          {
 173   1      
 174   1              RST_CLR;                        //RST脚置低
 175   1              SCK_CLR;                        //SCK脚置低
 176   1      //      DsDelay10us();
 177   1              
 178   1              Ds1302_Write_Byte(ds1302_charger_add,0xa9);                     //涓流充电 
C51 COMPILER V9.00   DS1302                                                                09/03/2017 21:30:27 PAGE 4   

 179   1      //    Ds1302_Write_Byte(ds1302_sec_add,0x00);   
 180   1      //      Ds1302_Write_Byte(ds1302_min_add,0x00); 
 181   1      //      Ds1302_Write_Byte(ds1302_hr_add,0x00);  
 182   1      //      Ds1302_Write_Byte(ds1302_date_add,0x00);        
 183   1      //      Ds1302_Write_Byte(ds1302_month_add,0x00);       
 184   1      //      Ds1302_Write_Byte(ds1302_day_add,0x00); 
 185   1      //      Ds1302_Write_Byte(ds1302_year_add,0x00);        
 186   1                       
 187   1      }


MODULE INFORMATION:   STATIC OVERLAYABLE
   CODE SIZE        =    246    ----
   CONSTANT SIZE    =   ----    ----
   XDATA SIZE       =   ----    ----
   PDATA SIZE       =   ----    ----
   DATA SIZE        =     17    ----
   IDATA SIZE       =   ----    ----
   BIT SIZE         =   ----    ----
END OF MODULE INFORMATION.


C51 COMPILATION COMPLETE.  0 WARNING(S),  0 ERROR(S)
