C51 COMPILER V9.00   IIC                                                                   07/19/2017 22:10:45 PAGE 1   


C51 COMPILER V9.00, COMPILATION OF MODULE IIC
OBJECT MODULE PLACED IN .\Objects\IIC.obj
COMPILER INVOKED BY: G:\Keil_v5\C51\BIN\C51.EXE IIC.C OPTIMIZE(8,SPEED) BROWSE DEBUG OBJECTEXTEND PRINT(.\Listings\IIC.l
                    -st) OBJECT(.\Objects\IIC.obj)

line level    source

   1          #include"IIC.h"
   2          
   3          /////////24C08读写驱动程序////////////////////
   4          void  delay1_IIC(unsigned char x)
   5          {  unsigned int i;
   6   1        for(i=0;i<x;i++)
   7   1        ;
   8   1        ;
   9   1       }
  10          void flash()
  11          {  
  12   1              ;  
  13   1              ; 
  14   1      }
  15          void x24c08_init()  //24c08初始化子程序
  16           {
  17   1              scl=1; 
  18   1              flash(); 
  19   1              sda=1; 
  20   1              flash();
  21   1       }
  22          void start()        //启动I2C总线
  23          {
  24   1              sda=1; 
  25   1              flash(); 
  26   1              scl=1; 
  27   1              flash(); 
  28   1              sda=0; 
  29   1              flash(); 
  30   1              scl=0; 
  31   1              flash();
  32   1      }
  33          void stop()         //停止I2C总线
  34          {
  35   1              sda=0; 
  36   1              flash(); 
  37   1              scl=1; 
  38   1              flash(); 
  39   1              sda=1; 
  40   1              flash();
  41   1      }
  42          void writex(unsigned char j)  //写一个字节
  43          {  
  44   1              unsigned char i,temp;
  45   1              temp=j;
  46   1         for (i=0;i<8;i++)
  47   1         {
  48   2              temp=temp<<1;
  49   2              scl=0; 
  50   2              flash(); 
  51   2              sda=CY; 
  52   2              flash(); 
  53   2              scl=1; 
  54   2              flash();
C51 COMPILER V9.00   IIC                                                                   07/19/2017 22:10:45 PAGE 2   

  55   2         }
  56   1         scl=0; 
  57   1         flash(); 
  58   1         sda=1; 
  59   1         flash();
  60   1      }
  61          unsigned char readx()   //读一个字节
  62          {
  63   1         unsigned char i,j,k=0;
  64   1         scl=0; flash(); sda=1;
  65   1         for (i=0;i<8;i++)
  66   1         {  
  67   2              flash(); 
  68   2              scl=1; 
  69   2              flash();
  70   2            if (sda==1) 
  71   2              j=1;
  72   2            else 
  73   2              j=0;
  74   2            k=(k<<1)|j;
  75   2                scl=0;}
  76   1              flash(); 
  77   1              return(k);
  78   1      }
  79          void clock()         //I2C总线时钟
  80          {
  81   1         unsigned char i=0;
  82   1         scl=1; 
  83   1         flash();
  84   1         while ((sda==1)&&(i<255))
  85   1         i++;
  86   1         scl=0; 
  87   1         flash();
  88   1      }
  89          ////////从24c02的地址address中读取一个字节数据/////
  90          unsigned char x24c08_read(unsigned char address)
  91          {
  92   1         unsigned char i;
  93   1         start(); 
  94   1         writex(0xa0);
  95   1         clock(); 
  96   1         writex(address);
  97   1         clock(); 
  98   1         start();
  99   1         writex(0xa1); 
 100   1         clock();
 101   1         i=readx(); 
 102   1         stop();
 103   1          delay1_IIC(10);
 104   1         return(i);
 105   1      }
 106          //////向24c02的address地址中写入一字节数据info/////
 107          void x24c08_write(unsigned char address,unsigned char info)
 108          {
 109   1      //   EA=0;
 110   1         start(); 
 111   1         writex(0xa0);
 112   1         clock(); 
 113   1         writex(address);
 114   1         clock(); 
 115   1         writex(info);
 116   1         clock(); 
C51 COMPILER V9.00   IIC                                                                   07/19/2017 22:10:45 PAGE 3   

 117   1         stop();
 118   1      //   EA=1;
 119   1          delay1_IIC(50);
 120   1      }


MODULE INFORMATION:   STATIC OVERLAYABLE
   CODE SIZE        =    229    ----
   CONSTANT SIZE    =   ----    ----
   XDATA SIZE       =   ----    ----
   PDATA SIZE       =   ----    ----
   DATA SIZE        =   ----    ----
   IDATA SIZE       =   ----    ----
   BIT SIZE         =   ----    ----
END OF MODULE INFORMATION.


C51 COMPILATION COMPLETE.  0 WARNING(S),  0 ERROR(S)
